<?xml version="1.0" encoding="UTF-8"?>
<!-- Generated by org.testng.reporters.JUnitReportReporter -->
<testsuite hostname="HP" failures="0" tests="1" name="com.crm.organization.CreateContactsTest" time="23.280" errors="0" timestamp="2022-04-07T11:12:29 IST" skipped="0">
  <testcase classname="com.crm.organization.CreateContactsTest" name="createcontactTest" time="23.280"/>
  <system-out/>
</testsuite> <!-- com.crm.organization.CreateContactsTest -->
