<?xml version="1.0" encoding="UTF-8"?>
<!-- Generated by org.testng.reporters.JUnitReportReporter -->
<testsuite hostname="HP" failures="0" tests="1" name="com.crm.practice.TestNGProgramsTest" time="0.008" errors="0" timestamp="2022-04-06T16:12:13 IST" skipped="0">
  <testcase classname="com.crm.practice.TestNGProgramsTest" name="testNGProgramsTest" time="0.008"/>
  <system-out>
    <![CDATA[test1]]>
  </system-out>
</testsuite> <!-- com.crm.practice.TestNGProgramsTest -->
