<?xml version="1.0" encoding="UTF-8"?>
<!-- Generated by org.testng.reporters.JUnitReportReporter -->
<testsuite hostname="HP" failures="0" tests="1" name="com.crm.unittesting.CCExcelTest" time="27.896" errors="0" timestamp="2022-04-07T17:45:00 IST" skipped="0">
  <testcase classname="com.crm.unittesting.CCExcelTest" name="createcontactwithexceltest" time="27.896"/>
  <system-out/>
</testsuite> <!-- com.crm.unittesting.CCExcelTest -->
