<?xml version="1.0" encoding="UTF-8"?>
<!-- Generated by org.testng.reporters.JUnitReportReporter -->
<testsuite hostname="HP" failures="0" tests="19" name="com.crm.practice.TestNGDataProvider" time="0.089" errors="0" timestamp="2022-04-06T14:09:56 IST" skipped="0">
  <testcase classname="com.crm.practice.TestNGDataProvider" name="dataProviderTest" time="0.004"/>
  <system-out/>
  <testcase classname="com.crm.practice.TestNGDataProvider" name="dataProviderTest" time="0.002"/>
  <system-out/>
  <testcase classname="com.crm.practice.TestNGDataProvider" name="dataProviderTest" time="0.005"/>
  <system-out/>
  <testcase classname="com.crm.practice.TestNGDataProvider" name="dataProviderTest" time="0.002"/>
  <system-out/>
  <testcase classname="com.crm.practice.TestNGDataProvider" name="dataProviderTest" time="0.004"/>
  <system-out/>
  <testcase classname="com.crm.practice.TestNGDataProvider" name="dataProviderTest" time="0.003"/>
  <system-out/>
  <testcase classname="com.crm.practice.TestNGDataProvider" name="dataProviderTest" time="0.002"/>
  <system-out/>
  <testcase classname="com.crm.practice.TestNGDataProvider" name="dataProviderTest" time="0.002"/>
  <system-out/>
  <testcase classname="com.crm.practice.TestNGDataProvider" name="dataProviderTest" time="0.005"/>
  <system-out/>
  <testcase classname="com.crm.practice.TestNGDataProvider" name="dataProviderTest" time="0.006"/>
  <system-out/>
  <testcase classname="com.crm.practice.TestNGDataProvider" name="dataProviderTest" time="0.008"/>
  <system-out/>
  <testcase classname="com.crm.practice.TestNGDataProvider" name="dataProviderTest" time="0.003"/>
  <system-out/>
  <testcase classname="com.crm.practice.TestNGDataProvider" name="dataProviderTest" time="0.002"/>
  <system-out/>
  <testcase classname="com.crm.practice.TestNGDataProvider" name="dataProviderTest" time="0.017"/>
  <system-out/>
  <testcase classname="com.crm.practice.TestNGDataProvider" name="dataProviderTest" time="0.005"/>
  <system-out/>
  <testcase classname="com.crm.practice.TestNGDataProvider" name="dataProviderTest" time="0.003"/>
  <system-out/>
  <testcase classname="com.crm.practice.TestNGDataProvider" name="dataProviderTest" time="0.002"/>
  <system-out/>
  <testcase classname="com.crm.practice.TestNGDataProvider" name="dataProviderTest" time="0.007"/>
  <system-out/>
  <testcase classname="com.crm.practice.TestNGDataProvider" name="dataProviderTest" time="0.007"/>
  <system-out/>
</testsuite> <!-- com.crm.practice.TestNGDataProvider -->
