<?xml version="1.0" encoding="UTF-8"?>
<!-- Generated by org.testng.reporters.JUnitReportReporter -->
<testsuite hostname="HP" failures="0" tests="1" name="com.crm.organization.CreateContactwithExcelsheetTest" time="24.575" errors="0" timestamp="2022-04-12T18:03:04 IST" skipped="0">
  <testcase classname="com.crm.organization.CreateContactwithExcelsheetTest" name="createcontactwithexceltest" time="24.575"/>
  <system-out/>
</testsuite> <!-- com.crm.organization.CreateContactwithExcelsheetTest -->
