<?xml version="1.0" encoding="UTF-8"?>
<!-- Generated by org.testng.reporters.JUnitReportReporter -->
<testsuite hostname="HP" failures="0" tests="1" name="TestNGProgramsTest" time="0.019" errors="0" timestamp="2022-04-05T15:18:27 IST" skipped="0">
  <testcase classname="TestNGProgramsTest" name="TestNGProgramsTest" time="0.019"/>
  <system-out>
    <![CDATA[why]]>
  </system-out>
</testsuite> <!-- TestNGProgramsTest -->
