<?xml version="1.0" encoding="UTF-8"?>
<!-- Generated by org.testng.reporters.JUnitReportReporter -->
<testsuite hostname="HP" failures="0" tests="2" name="com.crm.practice.TestNgProgramTest2" time="0.024" errors="0" timestamp="2022-04-06T16:29:19 IST" skipped="0">
  <testcase classname="com.crm.practice.TestNgProgramTest2" name="testRunTest2" time="0.003"/>
  <system-out>
    <![CDATA[testRun2]]>
  </system-out>
  <testcase classname="com.crm.practice.TestNgProgramTest2" name="testRunTest" time="0.021"/>
  <system-out>
    <![CDATA[testRun1]]>
  </system-out>
</testsuite> <!-- com.crm.practice.TestNgProgramTest2 -->
