<?xml version="1.0" encoding="UTF-8"?>
<!-- Generated by org.testng.reporters.JUnitReportReporter -->
<testsuite hostname="HP" failures="0" tests="19" name="com.crm.practice.TestNGDataProvider1" time="0.064" errors="0" timestamp="2022-04-06T16:12:13 IST" skipped="0">
  <testcase classname="com.crm.practice.TestNGDataProvider1" name="dataProviderTest" time="0.003"/>
  <system-out/>
  <testcase classname="com.crm.practice.TestNGDataProvider1" name="dataProviderTest" time="0.002"/>
  <system-out/>
  <testcase classname="com.crm.practice.TestNGDataProvider1" name="dataProviderTest" time="0.002"/>
  <system-out/>
  <testcase classname="com.crm.practice.TestNGDataProvider1" name="dataProviderTest" time="0.014"/>
  <system-out/>
  <testcase classname="com.crm.practice.TestNGDataProvider1" name="dataProviderTest" time="0.004"/>
  <system-out/>
  <testcase classname="com.crm.practice.TestNGDataProvider1" name="dataProviderTest" time="0.002"/>
  <system-out/>
  <testcase classname="com.crm.practice.TestNGDataProvider1" name="dataProviderTest" time="0.001"/>
  <system-out/>
  <testcase classname="com.crm.practice.TestNGDataProvider1" name="dataProviderTest" time="0.004"/>
  <system-out/>
  <testcase classname="com.crm.practice.TestNGDataProvider1" name="dataProviderTest" time="0.005"/>
  <system-out/>
  <testcase classname="com.crm.practice.TestNGDataProvider1" name="dataProviderTest" time="0.002"/>
  <system-out/>
  <testcase classname="com.crm.practice.TestNGDataProvider1" name="dataProviderTest" time="0.003"/>
  <system-out/>
  <testcase classname="com.crm.practice.TestNGDataProvider1" name="dataProviderTest" time="0.001"/>
  <system-out/>
  <testcase classname="com.crm.practice.TestNGDataProvider1" name="dataProviderTest" time="0.002"/>
  <system-out/>
  <testcase classname="com.crm.practice.TestNGDataProvider1" name="dataProviderTest" time="0.002"/>
  <system-out/>
  <testcase classname="com.crm.practice.TestNGDataProvider1" name="dataProviderTest" time="0.004"/>
  <system-out/>
  <testcase classname="com.crm.practice.TestNGDataProvider1" name="dataProviderTest" time="0.002"/>
  <system-out/>
  <testcase classname="com.crm.practice.TestNGDataProvider1" name="dataProviderTest" time="0.002"/>
  <system-out/>
  <testcase classname="com.crm.practice.TestNGDataProvider1" name="dataProviderTest" time="0.006"/>
  <system-out/>
  <testcase classname="com.crm.practice.TestNGDataProvider1" name="dataProviderTest" time="0.003"/>
  <system-out/>
</testsuite> <!-- com.crm.practice.TestNGDataProvider1 -->
